  [1m[36m (44.8ms)[0m  [1mCREATE TABLE "schema_migrations" ("version" character varying(255) NOT NULL) [0m
  [1m[35m (5.7ms)[0m  CREATE UNIQUE INDEX  "unique_schema_migrations" ON "schema_migrations"  ("version")
  [1m[36mActiveRecord::SchemaMigration Load (0.7ms)[0m  [1mSELECT "schema_migrations".* FROM "schema_migrations"[0m
Migrating to CreateUsers (20141028230707)
  [1m[35m (0.1ms)[0m  BEGIN
  [1m[36m (34.8ms)[0m  [1mCREATE TABLE "users" ("id" serial primary key, "first_name" character varying(255), "last_name" character varying(255), "email" character varying(255), "password_digest" character varying(255), "created_at" timestamp, "updated_at" timestamp) [0m
  [1m[35mSQL (6.1ms)[0m  INSERT INTO "schema_migrations" ("version") VALUES ($1)  [["version", "20141028230707"]]
  [1m[36m (6.2ms)[0m  [1mCOMMIT[0m
  [1m[35mActiveRecord::SchemaMigration Load (0.3ms)[0m  SELECT "schema_migrations".* FROM "schema_migrations"
  [1m[36mActiveRecord::SchemaMigration Load (0.4ms)[0m  [1mSELECT "schema_migrations".* FROM "schema_migrations"[0m
Migrating to CreatePlaces (20141028231437)
  [1m[35m (0.2ms)[0m  BEGIN
  [1m[36m (25.0ms)[0m  [1mCREATE TABLE "places" ("id" serial primary key, "name" character varying(255), "address" character varying(255), "image" character varying(255), "history" character varying(255), "latlng" character varying(255), "created_at" timestamp, "updated_at" timestamp) [0m
  [1m[35mSQL (6.3ms)[0m  INSERT INTO "schema_migrations" ("version") VALUES ($1)  [["version", "20141028231437"]]
  [1m[36m (12.7ms)[0m  [1mCOMMIT[0m
Migrating to CreateStories (20141028232021)
  [1m[35m (6.2ms)[0m  BEGIN
  [1m[36m (16.6ms)[0m  [1mCREATE TABLE "stories" ("id" serial primary key, "title" character varying(255), "body" character varying(255), "place_id" integer, "user_id" integer, "created_at" timestamp, "updated_at" timestamp) [0m
  [1m[35m (0.8ms)[0m  CREATE  INDEX  "index_stories_on_place_id" ON "stories"  ("place_id")
  [1m[36m (1.0ms)[0m  [1mCREATE  INDEX  "index_stories_on_user_id" ON "stories"  ("user_id")[0m
  [1m[35mSQL (0.1ms)[0m  INSERT INTO "schema_migrations" ("version") VALUES ($1)  [["version", "20141028232021"]]
  [1m[36m (0.4ms)[0m  [1mCOMMIT[0m
  [1m[35mActiveRecord::SchemaMigration Load (0.2ms)[0m  SELECT "schema_migrations".* FROM "schema_migrations"
  [1m[36m (0.1ms)[0m  [1mBEGIN[0m
  [1m[35mSQL (24.0ms)[0m  INSERT INTO "users" ("created_at", "email", "first_name", "last_name", "updated_at") VALUES ($1, $2, $3, $4, $5) RETURNING "id"  [["created_at", "2014-10-28 23:36:06.502355"], ["email", "pj@ga.com"], ["first_name", "PJ"], ["last_name", "Hughes"], ["updated_at", "2014-10-28 23:36:06.502355"]]
  [1m[36m (0.4ms)[0m  [1mCOMMIT[0m
  [1m[35mUser Load (1.0ms)[0m  SELECT "users".* FROM "users"
  [1m[36m (0.1ms)[0m  [1mBEGIN[0m
  [1m[35mSQL (13.6ms)[0m  INSERT INTO "places" ("address", "created_at", "history", "latlng", "name", "updated_at") VALUES ($1, $2, $3, $4, $5, $6) RETURNING "id"  [["address", "1198 Pacific Street"], ["created_at", "2014-10-28 23:39:35.388868"], ["history", "Built in 1894"], ["latlng", "40.677785, -73.95187"], ["name", "Imperial Apartments"], ["updated_at", "2014-10-28 23:39:35.388868"]]
  [1m[36m (5.7ms)[0m  [1mCOMMIT[0m
  [1m[35mUser Load (0.7ms)[0m  SELECT  "users".* FROM "users"   ORDER BY "users"."id" ASC LIMIT 1
  [1m[36mPlace Load (0.6ms)[0m  [1mSELECT  "places".* FROM "places"   ORDER BY "places"."id" ASC LIMIT 1[0m
  [1m[35mStory Load (19.6ms)[0m  SELECT "stories".* FROM "stories"
  [1m[36mStory Load (0.4ms)[0m  [1mSELECT  "stories".* FROM "stories"   ORDER BY "stories"."id" ASC LIMIT 1[0m
  [1m[35mStory Load (0.4ms)[0m  SELECT  "stories".* FROM "stories"   ORDER BY "stories"."id" ASC LIMIT 1
  [1m[36mUser Load (0.5ms)[0m  [1mSELECT  "users".* FROM "users"   ORDER BY "users"."id" ASC LIMIT 1[0m
  [1m[35mPlace Load (0.4ms)[0m  SELECT  "places".* FROM "places"   ORDER BY "places"."id" ASC LIMIT 1
  [1m[36mPlace Load (0.7ms)[0m  [1mSELECT  "places".* FROM "places"   ORDER BY "places"."id" ASC LIMIT 1[0m
  [1m[35mPlace Load (0.5ms)[0m  SELECT  "places".* FROM "places"   ORDER BY "places"."id" ASC LIMIT 1
  [1m[36mPlace Load (0.7ms)[0m  [1mSELECT  "places".* FROM "places"   ORDER BY "places"."id" ASC LIMIT 1[0m


Started GET "/" for 127.0.0.1 at 2014-10-28 19:56:08 -0400
  [1m[36mActiveRecord::SchemaMigration Load (0.4ms)[0m  [1mSELECT "schema_migrations".* FROM "schema_migrations"[0m
Processing by Rails::WelcomeController#index as HTML
  Rendered /Users/janineharper/.rbenv/versions/2.1.2/lib/ruby/gems/2.1.0/gems/railties-4.1.6/lib/rails/templates/rails/welcome/index.html.erb (2.3ms)
Completed 200 OK in 20ms (Views: 10.4ms | ActiveRecord: 0.0ms)


Started GET "/" for 127.0.0.1 at 2014-10-28 20:25:45 -0400

SyntaxError (/Users/janineharper/dev/wdi/hist_crown_app/config/routes.rb:5: syntax error, unexpected [, expecting keyword_do or '{' or '('
  resources :places, only [:index, :show]
                           ^):
  config/routes.rb:5: syntax error, unexpected [, expecting keyword_do or '{' or '('


  Rendered /Users/janineharper/.rbenv/versions/2.1.2/lib/ruby/gems/2.1.0/gems/actionpack-4.1.6/lib/action_dispatch/middleware/templates/rescues/_source.erb (1.0ms)
  Rendered /Users/janineharper/.rbenv/versions/2.1.2/lib/ruby/gems/2.1.0/gems/actionpack-4.1.6/lib/action_dispatch/middleware/templates/rescues/_trace.html.erb (1.0ms)
  Rendered /Users/janineharper/.rbenv/versions/2.1.2/lib/ruby/gems/2.1.0/gems/actionpack-4.1.6/lib/action_dispatch/middleware/templates/rescues/_request_and_response.html.erb (1.0ms)
  Rendered /Users/janineharper/.rbenv/versions/2.1.2/lib/ruby/gems/2.1.0/gems/actionpack-4.1.6/lib/action_dispatch/middleware/templates/rescues/diagnostics.erb within rescues/layout (21.4ms)


Started GET "/" for 127.0.0.1 at 2014-10-28 20:26:49 -0400

ActionController::RoutingError (No route matches [GET] "/"):
  actionpack (4.1.6) lib/action_dispatch/middleware/debug_exceptions.rb:21:in `call'
  actionpack (4.1.6) lib/action_dispatch/middleware/show_exceptions.rb:30:in `call'
  railties (4.1.6) lib/rails/rack/logger.rb:38:in `call_app'
  railties (4.1.6) lib/rails/rack/logger.rb:20:in `block in call'
  activesupport (4.1.6) lib/active_support/tagged_logging.rb:68:in `block in tagged'
  activesupport (4.1.6) lib/active_support/tagged_logging.rb:26:in `tagged'
  activesupport (4.1.6) lib/active_support/tagged_logging.rb:68:in `tagged'
  railties (4.1.6) lib/rails/rack/logger.rb:20:in `call'
  actionpack (4.1.6) lib/action_dispatch/middleware/request_id.rb:21:in `call'
  rack (1.5.2) lib/rack/methodoverride.rb:21:in `call'
  rack (1.5.2) lib/rack/runtime.rb:17:in `call'
  activesupport (4.1.6) lib/active_support/cache/strategy/local_cache_middleware.rb:26:in `call'
  rack (1.5.2) lib/rack/lock.rb:17:in `call'
  actionpack (4.1.6) lib/action_dispatch/middleware/static.rb:64:in `call'
  rack (1.5.2) lib/rack/sendfile.rb:112:in `call'
  railties (4.1.6) lib/rails/engine.rb:514:in `call'
  railties (4.1.6) lib/rails/application.rb:144:in `call'
  rack (1.5.2) lib/rack/lock.rb:17:in `call'
  rack (1.5.2) lib/rack/content_length.rb:14:in `call'
  rack (1.5.2) lib/rack/handler/webrick.rb:60:in `service'
  /Users/janineharper/.rbenv/versions/2.1.2/lib/ruby/2.1.0/webrick/httpserver.rb:138:in `service'
  /Users/janineharper/.rbenv/versions/2.1.2/lib/ruby/2.1.0/webrick/httpserver.rb:94:in `run'
  /Users/janineharper/.rbenv/versions/2.1.2/lib/ruby/2.1.0/webrick/server.rb:295:in `block in start_thread'


  Rendered /Users/janineharper/.rbenv/versions/2.1.2/lib/ruby/gems/2.1.0/gems/actionpack-4.1.6/lib/action_dispatch/middleware/templates/rescues/_trace.html.erb (1.4ms)
  Rendered /Users/janineharper/.rbenv/versions/2.1.2/lib/ruby/gems/2.1.0/gems/actionpack-4.1.6/lib/action_dispatch/middleware/templates/routes/_table.html.erb (7.0ms)
  Rendered /Users/janineharper/.rbenv/versions/2.1.2/lib/ruby/gems/2.1.0/gems/actionpack-4.1.6/lib/action_dispatch/middleware/templates/rescues/routing_error.html.erb within rescues/layout (20.3ms)


Started GET "/" for 127.0.0.1 at 2014-10-28 20:27:15 -0400

ActionController::RoutingError (uninitialized constant SesssionController):
  activesupport (4.1.6) lib/active_support/inflector/methods.rb:238:in `const_get'
  activesupport (4.1.6) lib/active_support/inflector/methods.rb:238:in `block in constantize'
  activesupport (4.1.6) lib/active_support/inflector/methods.rb:236:in `each'
  activesupport (4.1.6) lib/active_support/inflector/methods.rb:236:in `inject'
  activesupport (4.1.6) lib/active_support/inflector/methods.rb:236:in `constantize'
  actionpack (4.1.6) lib/action_dispatch/routing/route_set.rb:78:in `controller_reference'
  actionpack (4.1.6) lib/action_dispatch/routing/route_set.rb:68:in `controller'
  actionpack (4.1.6) lib/action_dispatch/routing/route_set.rb:46:in `call'
  actionpack (4.1.6) lib/action_dispatch/journey/router.rb:73:in `block in call'
  actionpack (4.1.6) lib/action_dispatch/journey/router.rb:59:in `each'
  actionpack (4.1.6) lib/action_dispatch/journey/router.rb:59:in `call'
  actionpack (4.1.6) lib/action_dispatch/routing/route_set.rb:678:in `call'
  rack (1.5.2) lib/rack/etag.rb:23:in `call'
  rack (1.5.2) lib/rack/conditionalget.rb:25:in `call'
  rack (1.5.2) lib/rack/head.rb:11:in `call'
  actionpack (4.1.6) lib/action_dispatch/middleware/params_parser.rb:27:in `call'
  actionpack (4.1.6) lib/action_dispatch/middleware/flash.rb:254:in `call'
  rack (1.5.2) lib/rack/session/abstract/id.rb:225:in `context'
  rack (1.5.2) lib/rack/session/abstract/id.rb:220:in `call'
  actionpack (4.1.6) lib/action_dispatch/middleware/cookies.rb:560:in `call'
  activerecord (4.1.6) lib/active_record/query_cache.rb:36:in `call'
  activerecord (4.1.6) lib/active_record/connection_adapters/abstract/connection_pool.rb:621:in `call'
  activerecord (4.1.6) lib/active_record/migration.rb:380:in `call'
  actionpack (4.1.6) lib/action_dispatch/middleware/callbacks.rb:29:in `block in call'
  activesupport (4.1.6) lib/active_support/callbacks.rb:82:in `run_callbacks'
  actionpack (4.1.6) lib/action_dispatch/middleware/callbacks.rb:27:in `call'
  actionpack (4.1.6) lib/action_dispatch/middleware/reloader.rb:73:in `call'
  actionpack (4.1.6) lib/action_dispatch/middleware/remote_ip.rb:76:in `call'
  actionpack (4.1.6) lib/action_dispatch/middleware/debug_exceptions.rb:17:in `call'
  actionpack (4.1.6) lib/action_dispatch/middleware/show_exceptions.rb:30:in `call'
  railties (4.1.6) lib/rails/rack/logger.rb:38:in `call_app'
  railties (4.1.6) lib/rails/rack/logger.rb:20:in `block in call'
  activesupport (4.1.6) lib/active_support/tagged_logging.rb:68:in `block in tagged'
  activesupport (4.1.6) lib/active_support/tagged_logging.rb:26:in `tagged'
  activesupport (4.1.6) lib/active_support/tagged_logging.rb:68:in `tagged'
  railties (4.1.6) lib/rails/rack/logger.rb:20:in `call'
  actionpack (4.1.6) lib/action_dispatch/middleware/request_id.rb:21:in `call'
  rack (1.5.2) lib/rack/methodoverride.rb:21:in `call'
  rack (1.5.2) lib/rack/runtime.rb:17:in `call'
  activesupport (4.1.6) lib/active_support/cache/strategy/local_cache_middleware.rb:26:in `call'
  rack (1.5.2) lib/rack/lock.rb:17:in `call'
  actionpack (4.1.6) lib/action_dispatch/middleware/static.rb:64:in `call'
  rack (1.5.2) lib/rack/sendfile.rb:112:in `call'
  railties (4.1.6) lib/rails/engine.rb:514:in `call'
  railties (4.1.6) lib/rails/application.rb:144:in `call'
  rack (1.5.2) lib/rack/lock.rb:17:in `call'
  rack (1.5.2) lib/rack/content_length.rb:14:in `call'
  rack (1.5.2) lib/rack/handler/webrick.rb:60:in `service'
  /Users/janineharper/.rbenv/versions/2.1.2/lib/ruby/2.1.0/webrick/httpserver.rb:138:in `service'
  /Users/janineharper/.rbenv/versions/2.1.2/lib/ruby/2.1.0/webrick/httpserver.rb:94:in `run'
  /Users/janineharper/.rbenv/versions/2.1.2/lib/ruby/2.1.0/webrick/server.rb:295:in `block in start_thread'


  Rendered /Users/janineharper/.rbenv/versions/2.1.2/lib/ruby/gems/2.1.0/gems/actionpack-4.1.6/lib/action_dispatch/middleware/templates/rescues/_trace.html.erb (0.9ms)
  Rendered /Users/janineharper/.rbenv/versions/2.1.2/lib/ruby/gems/2.1.0/gems/actionpack-4.1.6/lib/action_dispatch/middleware/templates/routes/_route.html.erb (0.8ms)
  Rendered /Users/janineharper/.rbenv/versions/2.1.2/lib/ruby/gems/2.1.0/gems/actionpack-4.1.6/lib/action_dispatch/middleware/templates/routes/_table.html.erb (1.3ms)
  Rendered /Users/janineharper/.rbenv/versions/2.1.2/lib/ruby/gems/2.1.0/gems/actionpack-4.1.6/lib/action_dispatch/middleware/templates/rescues/routing_error.html.erb within rescues/layout (19.0ms)


Started GET "/" for 127.0.0.1 at 2014-10-28 20:28:57 -0400

ActionController::RoutingError (uninitialized constant SesssionController):
  activesupport (4.1.6) lib/active_support/inflector/methods.rb:238:in `const_get'
  activesupport (4.1.6) lib/active_support/inflector/methods.rb:238:in `block in constantize'
  activesupport (4.1.6) lib/active_support/inflector/methods.rb:236:in `each'
  activesupport (4.1.6) lib/active_support/inflector/methods.rb:236:in `inject'
  activesupport (4.1.6) lib/active_support/inflector/methods.rb:236:in `constantize'
  actionpack (4.1.6) lib/action_dispatch/routing/route_set.rb:78:in `controller_reference'
  actionpack (4.1.6) lib/action_dispatch/routing/route_set.rb:68:in `controller'
  actionpack (4.1.6) lib/action_dispatch/routing/route_set.rb:46:in `call'
  actionpack (4.1.6) lib/action_dispatch/journey/router.rb:73:in `block in call'
  actionpack (4.1.6) lib/action_dispatch/journey/router.rb:59:in `each'
  actionpack (4.1.6) lib/action_dispatch/journey/router.rb:59:in `call'
  actionpack (4.1.6) lib/action_dispatch/routing/route_set.rb:678:in `call'
  rack (1.5.2) lib/rack/etag.rb:23:in `call'
  rack (1.5.2) lib/rack/conditionalget.rb:25:in `call'
  rack (1.5.2) lib/rack/head.rb:11:in `call'
  actionpack (4.1.6) lib/action_dispatch/middleware/params_parser.rb:27:in `call'
  actionpack (4.1.6) lib/action_dispatch/middleware/flash.rb:254:in `call'
  rack (1.5.2) lib/rack/session/abstract/id.rb:225:in `context'
  rack (1.5.2) lib/rack/session/abstract/id.rb:220:in `call'
  actionpack (4.1.6) lib/action_dispatch/middleware/cookies.rb:560:in `call'
  activerecord (4.1.6) lib/active_record/query_cache.rb:36:in `call'
  activerecord (4.1.6) lib/active_record/connection_adapters/abstract/connection_pool.rb:621:in `call'
  activerecord (4.1.6) lib/active_record/migration.rb:380:in `call'
  actionpack (4.1.6) lib/action_dispatch/middleware/callbacks.rb:29:in `block in call'
  activesupport (4.1.6) lib/active_support/callbacks.rb:82:in `run_callbacks'
  actionpack (4.1.6) lib/action_dispatch/middleware/callbacks.rb:27:in `call'
  actionpack (4.1.6) lib/action_dispatch/middleware/reloader.rb:73:in `call'
  actionpack (4.1.6) lib/action_dispatch/middleware/remote_ip.rb:76:in `call'
  actionpack (4.1.6) lib/action_dispatch/middleware/debug_exceptions.rb:17:in `call'
  actionpack (4.1.6) lib/action_dispatch/middleware/show_exceptions.rb:30:in `call'
  railties (4.1.6) lib/rails/rack/logger.rb:38:in `call_app'
  railties (4.1.6) lib/rails/rack/logger.rb:20:in `block in call'
  activesupport (4.1.6) lib/active_support/tagged_logging.rb:68:in `block in tagged'
  activesupport (4.1.6) lib/active_support/tagged_logging.rb:26:in `tagged'
  activesupport (4.1.6) lib/active_support/tagged_logging.rb:68:in `tagged'
  railties (4.1.6) lib/rails/rack/logger.rb:20:in `call'
  actionpack (4.1.6) lib/action_dispatch/middleware/request_id.rb:21:in `call'
  rack (1.5.2) lib/rack/methodoverride.rb:21:in `call'
  rack (1.5.2) lib/rack/runtime.rb:17:in `call'
  activesupport (4.1.6) lib/active_support/cache/strategy/local_cache_middleware.rb:26:in `call'
  rack (1.5.2) lib/rack/lock.rb:17:in `call'
  actionpack (4.1.6) lib/action_dispatch/middleware/static.rb:64:in `call'
  rack (1.5.2) lib/rack/sendfile.rb:112:in `call'
  railties (4.1.6) lib/rails/engine.rb:514:in `call'
  railties (4.1.6) lib/rails/application.rb:144:in `call'
  rack (1.5.2) lib/rack/lock.rb:17:in `call'
  rack (1.5.2) lib/rack/content_length.rb:14:in `call'
  rack (1.5.2) lib/rack/handler/webrick.rb:60:in `service'
  /Users/janineharper/.rbenv/versions/2.1.2/lib/ruby/2.1.0/webrick/httpserver.rb:138:in `service'
  /Users/janineharper/.rbenv/versions/2.1.2/lib/ruby/2.1.0/webrick/httpserver.rb:94:in `run'
  /Users/janineharper/.rbenv/versions/2.1.2/lib/ruby/2.1.0/webrick/server.rb:295:in `block in start_thread'


  Rendered /Users/janineharper/.rbenv/versions/2.1.2/lib/ruby/gems/2.1.0/gems/actionpack-4.1.6/lib/action_dispatch/middleware/templates/rescues/_trace.html.erb (0.9ms)
  Rendered /Users/janineharper/.rbenv/versions/2.1.2/lib/ruby/gems/2.1.0/gems/actionpack-4.1.6/lib/action_dispatch/middleware/templates/routes/_route.html.erb (0.8ms)
  Rendered /Users/janineharper/.rbenv/versions/2.1.2/lib/ruby/gems/2.1.0/gems/actionpack-4.1.6/lib/action_dispatch/middleware/templates/routes/_table.html.erb (0.8ms)
  Rendered /Users/janineharper/.rbenv/versions/2.1.2/lib/ruby/gems/2.1.0/gems/actionpack-4.1.6/lib/action_dispatch/middleware/templates/rescues/routing_error.html.erb within rescues/layout (16.4ms)


Started GET "/" for 127.0.0.1 at 2014-10-28 20:28:59 -0400

ActionController::RoutingError (uninitialized constant SesssionController):
  activesupport (4.1.6) lib/active_support/inflector/methods.rb:238:in `const_get'
  activesupport (4.1.6) lib/active_support/inflector/methods.rb:238:in `block in constantize'
  activesupport (4.1.6) lib/active_support/inflector/methods.rb:236:in `each'
  activesupport (4.1.6) lib/active_support/inflector/methods.rb:236:in `inject'
  activesupport (4.1.6) lib/active_support/inflector/methods.rb:236:in `constantize'
  actionpack (4.1.6) lib/action_dispatch/routing/route_set.rb:78:in `controller_reference'
  actionpack (4.1.6) lib/action_dispatch/routing/route_set.rb:68:in `controller'
  actionpack (4.1.6) lib/action_dispatch/routing/route_set.rb:46:in `call'
  actionpack (4.1.6) lib/action_dispatch/journey/router.rb:73:in `block in call'
  actionpack (4.1.6) lib/action_dispatch/journey/router.rb:59:in `each'
  actionpack (4.1.6) lib/action_dispatch/journey/router.rb:59:in `call'
  actionpack (4.1.6) lib/action_dispatch/routing/route_set.rb:678:in `call'
  rack (1.5.2) lib/rack/etag.rb:23:in `call'
  rack (1.5.2) lib/rack/conditionalget.rb:25:in `call'
  rack (1.5.2) lib/rack/head.rb:11:in `call'
  actionpack (4.1.6) lib/action_dispatch/middleware/params_parser.rb:27:in `call'
  actionpack (4.1.6) lib/action_dispatch/middleware/flash.rb:254:in `call'
  rack (1.5.2) lib/rack/session/abstract/id.rb:225:in `context'
  rack (1.5.2) lib/rack/session/abstract/id.rb:220:in `call'
  actionpack (4.1.6) lib/action_dispatch/middleware/cookies.rb:560:in `call'
  activerecord (4.1.6) lib/active_record/query_cache.rb:36:in `call'
  activerecord (4.1.6) lib/active_record/connection_adapters/abstract/connection_pool.rb:621:in `call'
  activerecord (4.1.6) lib/active_record/migration.rb:380:in `call'
  actionpack (4.1.6) lib/action_dispatch/middleware/callbacks.rb:29:in `block in call'
  activesupport (4.1.6) lib/active_support/callbacks.rb:82:in `run_callbacks'
  actionpack (4.1.6) lib/action_dispatch/middleware/callbacks.rb:27:in `call'
  actionpack (4.1.6) lib/action_dispatch/middleware/reloader.rb:73:in `call'
  actionpack (4.1.6) lib/action_dispatch/middleware/remote_ip.rb:76:in `call'
  actionpack (4.1.6) lib/action_dispatch/middleware/debug_exceptions.rb:17:in `call'
  actionpack (4.1.6) lib/action_dispatch/middleware/show_exceptions.rb:30:in `call'
  railties (4.1.6) lib/rails/rack/logger.rb:38:in `call_app'
  railties (4.1.6) lib/rails/rack/logger.rb:20:in `block in call'
  activesupport (4.1.6) lib/active_support/tagged_logging.rb:68:in `block in tagged'
  activesupport (4.1.6) lib/active_support/tagged_logging.rb:26:in `tagged'
  activesupport (4.1.6) lib/active_support/tagged_logging.rb:68:in `tagged'
  railties (4.1.6) lib/rails/rack/logger.rb:20:in `call'
  actionpack (4.1.6) lib/action_dispatch/middleware/request_id.rb:21:in `call'
  rack (1.5.2) lib/rack/methodoverride.rb:21:in `call'
  rack (1.5.2) lib/rack/runtime.rb:17:in `call'
  activesupport (4.1.6) lib/active_support/cache/strategy/local_cache_middleware.rb:26:in `call'
  rack (1.5.2) lib/rack/lock.rb:17:in `call'
  actionpack (4.1.6) lib/action_dispatch/middleware/static.rb:64:in `call'
  rack (1.5.2) lib/rack/sendfile.rb:112:in `call'
  railties (4.1.6) lib/rails/engine.rb:514:in `call'
  railties (4.1.6) lib/rails/application.rb:144:in `call'
  rack (1.5.2) lib/rack/lock.rb:17:in `call'
  rack (1.5.2) lib/rack/content_length.rb:14:in `call'
  rack (1.5.2) lib/rack/handler/webrick.rb:60:in `service'
  /Users/janineharper/.rbenv/versions/2.1.2/lib/ruby/2.1.0/webrick/httpserver.rb:138:in `service'
  /Users/janineharper/.rbenv/versions/2.1.2/lib/ruby/2.1.0/webrick/httpserver.rb:94:in `run'
  /Users/janineharper/.rbenv/versions/2.1.2/lib/ruby/2.1.0/webrick/server.rb:295:in `block in start_thread'


  Rendered /Users/janineharper/.rbenv/versions/2.1.2/lib/ruby/gems/2.1.0/gems/actionpack-4.1.6/lib/action_dispatch/middleware/templates/rescues/_trace.html.erb (0.8ms)
  Rendered /Users/janineharper/.rbenv/versions/2.1.2/lib/ruby/gems/2.1.0/gems/actionpack-4.1.6/lib/action_dispatch/middleware/templates/routes/_route.html.erb (0.8ms)
  Rendered /Users/janineharper/.rbenv/versions/2.1.2/lib/ruby/gems/2.1.0/gems/actionpack-4.1.6/lib/action_dispatch/middleware/templates/routes/_table.html.erb (1.3ms)
  Rendered /Users/janineharper/.rbenv/versions/2.1.2/lib/ruby/gems/2.1.0/gems/actionpack-4.1.6/lib/action_dispatch/middleware/templates/rescues/routing_error.html.erb within rescues/layout (17.2ms)


Started GET "/" for 127.0.0.1 at 2014-10-28 20:29:56 -0400

ActionController::RoutingError (uninitialized constant SesssionController):
  activesupport (4.1.6) lib/active_support/inflector/methods.rb:238:in `const_get'
  activesupport (4.1.6) lib/active_support/inflector/methods.rb:238:in `block in constantize'
  activesupport (4.1.6) lib/active_support/inflector/methods.rb:236:in `each'
  activesupport (4.1.6) lib/active_support/inflector/methods.rb:236:in `inject'
  activesupport (4.1.6) lib/active_support/inflector/methods.rb:236:in `constantize'
  actionpack (4.1.6) lib/action_dispatch/routing/route_set.rb:78:in `controller_reference'
  actionpack (4.1.6) lib/action_dispatch/routing/route_set.rb:68:in `controller'
  actionpack (4.1.6) lib/action_dispatch/routing/route_set.rb:46:in `call'
  actionpack (4.1.6) lib/action_dispatch/journey/router.rb:73:in `block in call'
  actionpack (4.1.6) lib/action_dispatch/journey/router.rb:59:in `each'
  actionpack (4.1.6) lib/action_dispatch/journey/router.rb:59:in `call'
  actionpack (4.1.6) lib/action_dispatch/routing/route_set.rb:678:in `call'
  rack (1.5.2) lib/rack/etag.rb:23:in `call'
  rack (1.5.2) lib/rack/conditionalget.rb:25:in `call'
  rack (1.5.2) lib/rack/head.rb:11:in `call'
  actionpack (4.1.6) lib/action_dispatch/middleware/params_parser.rb:27:in `call'
  actionpack (4.1.6) lib/action_dispatch/middleware/flash.rb:254:in `call'
  rack (1.5.2) lib/rack/session/abstract/id.rb:225:in `context'
  rack (1.5.2) lib/rack/session/abstract/id.rb:220:in `call'
  actionpack (4.1.6) lib/action_dispatch/middleware/cookies.rb:560:in `call'
  activerecord (4.1.6) lib/active_record/query_cache.rb:36:in `call'
  activerecord (4.1.6) lib/active_record/connection_adapters/abstract/connection_pool.rb:621:in `call'
  activerecord (4.1.6) lib/active_record/migration.rb:380:in `call'
  actionpack (4.1.6) lib/action_dispatch/middleware/callbacks.rb:29:in `block in call'
  activesupport (4.1.6) lib/active_support/callbacks.rb:82:in `run_callbacks'
  actionpack (4.1.6) lib/action_dispatch/middleware/callbacks.rb:27:in `call'
  actionpack (4.1.6) lib/action_dispatch/middleware/reloader.rb:73:in `call'
  actionpack (4.1.6) lib/action_dispatch/middleware/remote_ip.rb:76:in `call'
  actionpack (4.1.6) lib/action_dispatch/middleware/debug_exceptions.rb:17:in `call'
  actionpack (4.1.6) lib/action_dispatch/middleware/show_exceptions.rb:30:in `call'
  railties (4.1.6) lib/rails/rack/logger.rb:38:in `call_app'
  railties (4.1.6) lib/rails/rack/logger.rb:20:in `block in call'
  activesupport (4.1.6) lib/active_support/tagged_logging.rb:68:in `block in tagged'
  activesupport (4.1.6) lib/active_support/tagged_logging.rb:26:in `tagged'
  activesupport (4.1.6) lib/active_support/tagged_logging.rb:68:in `tagged'
  railties (4.1.6) lib/rails/rack/logger.rb:20:in `call'
  actionpack (4.1.6) lib/action_dispatch/middleware/request_id.rb:21:in `call'
  rack (1.5.2) lib/rack/methodoverride.rb:21:in `call'
  rack (1.5.2) lib/rack/runtime.rb:17:in `call'
  activesupport (4.1.6) lib/active_support/cache/strategy/local_cache_middleware.rb:26:in `call'
  rack (1.5.2) lib/rack/lock.rb:17:in `call'
  actionpack (4.1.6) lib/action_dispatch/middleware/static.rb:64:in `call'
  rack (1.5.2) lib/rack/sendfile.rb:112:in `call'
  railties (4.1.6) lib/rails/engine.rb:514:in `call'
  railties (4.1.6) lib/rails/application.rb:144:in `call'
  rack (1.5.2) lib/rack/lock.rb:17:in `call'
  rack (1.5.2) lib/rack/content_length.rb:14:in `call'
  rack (1.5.2) lib/rack/handler/webrick.rb:60:in `service'
  /Users/janineharper/.rbenv/versions/2.1.2/lib/ruby/2.1.0/webrick/httpserver.rb:138:in `service'
  /Users/janineharper/.rbenv/versions/2.1.2/lib/ruby/2.1.0/webrick/httpserver.rb:94:in `run'
  /Users/janineharper/.rbenv/versions/2.1.2/lib/ruby/2.1.0/webrick/server.rb:295:in `block in start_thread'


  Rendered /Users/janineharper/.rbenv/versions/2.1.2/lib/ruby/gems/2.1.0/gems/actionpack-4.1.6/lib/action_dispatch/middleware/templates/rescues/_trace.html.erb (0.9ms)
  Rendered /Users/janineharper/.rbenv/versions/2.1.2/lib/ruby/gems/2.1.0/gems/actionpack-4.1.6/lib/action_dispatch/middleware/templates/routes/_route.html.erb (0.7ms)
  Rendered /Users/janineharper/.rbenv/versions/2.1.2/lib/ruby/gems/2.1.0/gems/actionpack-4.1.6/lib/action_dispatch/middleware/templates/routes/_table.html.erb (0.7ms)
  Rendered /Users/janineharper/.rbenv/versions/2.1.2/lib/ruby/gems/2.1.0/gems/actionpack-4.1.6/lib/action_dispatch/middleware/templates/rescues/routing_error.html.erb within rescues/layout (15.3ms)


Started GET "/" for 127.0.0.1 at 2014-10-28 20:29:59 -0400

ActionController::RoutingError (uninitialized constant SesssionController):
  activesupport (4.1.6) lib/active_support/inflector/methods.rb:238:in `const_get'
  activesupport (4.1.6) lib/active_support/inflector/methods.rb:238:in `block in constantize'
  activesupport (4.1.6) lib/active_support/inflector/methods.rb:236:in `each'
  activesupport (4.1.6) lib/active_support/inflector/methods.rb:236:in `inject'
  activesupport (4.1.6) lib/active_support/inflector/methods.rb:236:in `constantize'
  actionpack (4.1.6) lib/action_dispatch/routing/route_set.rb:78:in `controller_reference'
  actionpack (4.1.6) lib/action_dispatch/routing/route_set.rb:68:in `controller'
  actionpack (4.1.6) lib/action_dispatch/routing/route_set.rb:46:in `call'
  actionpack (4.1.6) lib/action_dispatch/journey/router.rb:73:in `block in call'
  actionpack (4.1.6) lib/action_dispatch/journey/router.rb:59:in `each'
  actionpack (4.1.6) lib/action_dispatch/journey/router.rb:59:in `call'
  actionpack (4.1.6) lib/action_dispatch/routing/route_set.rb:678:in `call'
  rack (1.5.2) lib/rack/etag.rb:23:in `call'
  rack (1.5.2) lib/rack/conditionalget.rb:25:in `call'
  rack (1.5.2) lib/rack/head.rb:11:in `call'
  actionpack (4.1.6) lib/action_dispatch/middleware/params_parser.rb:27:in `call'
  actionpack (4.1.6) lib/action_dispatch/middleware/flash.rb:254:in `call'
  rack (1.5.2) lib/rack/session/abstract/id.rb:225:in `context'
  rack (1.5.2) lib/rack/session/abstract/id.rb:220:in `call'
  actionpack (4.1.6) lib/action_dispatch/middleware/cookies.rb:560:in `call'
  activerecord (4.1.6) lib/active_record/query_cache.rb:36:in `call'
  activerecord (4.1.6) lib/active_record/connection_adapters/abstract/connection_pool.rb:621:in `call'
  activerecord (4.1.6) lib/active_record/migration.rb:380:in `call'
  actionpack (4.1.6) lib/action_dispatch/middleware/callbacks.rb:29:in `block in call'
  activesupport (4.1.6) lib/active_support/callbacks.rb:82:in `run_callbacks'
  actionpack (4.1.6) lib/action_dispatch/middleware/callbacks.rb:27:in `call'
  actionpack (4.1.6) lib/action_dispatch/middleware/reloader.rb:73:in `call'
  actionpack (4.1.6) lib/action_dispatch/middleware/remote_ip.rb:76:in `call'
  actionpack (4.1.6) lib/action_dispatch/middleware/debug_exceptions.rb:17:in `call'
  actionpack (4.1.6) lib/action_dispatch/middleware/show_exceptions.rb:30:in `call'
  railties (4.1.6) lib/rails/rack/logger.rb:38:in `call_app'
  railties (4.1.6) lib/rails/rack/logger.rb:20:in `block in call'
  activesupport (4.1.6) lib/active_support/tagged_logging.rb:68:in `block in tagged'
  activesupport (4.1.6) lib/active_support/tagged_logging.rb:26:in `tagged'
  activesupport (4.1.6) lib/active_support/tagged_logging.rb:68:in `tagged'
  railties (4.1.6) lib/rails/rack/logger.rb:20:in `call'
  actionpack (4.1.6) lib/action_dispatch/middleware/request_id.rb:21:in `call'
  rack (1.5.2) lib/rack/methodoverride.rb:21:in `call'
  rack (1.5.2) lib/rack/runtime.rb:17:in `call'
  activesupport (4.1.6) lib/active_support/cache/strategy/local_cache_middleware.rb:26:in `call'
  rack (1.5.2) lib/rack/lock.rb:17:in `call'
  actionpack (4.1.6) lib/action_dispatch/middleware/static.rb:64:in `call'
  rack (1.5.2) lib/rack/sendfile.rb:112:in `call'
  railties (4.1.6) lib/rails/engine.rb:514:in `call'
  railties (4.1.6) lib/rails/application.rb:144:in `call'
  rack (1.5.2) lib/rack/lock.rb:17:in `call'
  rack (1.5.2) lib/rack/content_length.rb:14:in `call'
  rack (1.5.2) lib/rack/handler/webrick.rb:60:in `service'
  /Users/janineharper/.rbenv/versions/2.1.2/lib/ruby/2.1.0/webrick/httpserver.rb:138:in `service'
  /Users/janineharper/.rbenv/versions/2.1.2/lib/ruby/2.1.0/webrick/httpserver.rb:94:in `run'
  /Users/janineharper/.rbenv/versions/2.1.2/lib/ruby/2.1.0/webrick/server.rb:295:in `block in start_thread'


  Rendered /Users/janineharper/.rbenv/versions/2.1.2/lib/ruby/gems/2.1.0/gems/actionpack-4.1.6/lib/action_dispatch/middleware/templates/rescues/_trace.html.erb (1.2ms)
  Rendered /Users/janineharper/.rbenv/versions/2.1.2/lib/ruby/gems/2.1.0/gems/actionpack-4.1.6/lib/action_dispatch/middleware/templates/routes/_route.html.erb (0.8ms)
  Rendered /Users/janineharper/.rbenv/versions/2.1.2/lib/ruby/gems/2.1.0/gems/actionpack-4.1.6/lib/action_dispatch/middleware/templates/routes/_table.html.erb (0.8ms)
  Rendered /Users/janineharper/.rbenv/versions/2.1.2/lib/ruby/gems/2.1.0/gems/actionpack-4.1.6/lib/action_dispatch/middleware/templates/rescues/routing_error.html.erb within rescues/layout (16.8ms)


Started GET "/" for 127.0.0.1 at 2014-10-28 20:30:26 -0400

AbstractController::ActionNotFound (The action 'new' could not be found for SessionsController):
  actionpack (4.1.6) lib/abstract_controller/base.rb:131:in `process'
  actionview (4.1.6) lib/action_view/rendering.rb:30:in `process'
  actionpack (4.1.6) lib/action_controller/metal.rb:196:in `dispatch'
  actionpack (4.1.6) lib/action_controller/metal/rack_delegation.rb:13:in `dispatch'
  actionpack (4.1.6) lib/action_controller/metal.rb:232:in `block in action'
  actionpack (4.1.6) lib/action_dispatch/routing/route_set.rb:82:in `call'
  actionpack (4.1.6) lib/action_dispatch/routing/route_set.rb:82:in `dispatch'
  actionpack (4.1.6) lib/action_dispatch/routing/route_set.rb:50:in `call'
  actionpack (4.1.6) lib/action_dispatch/journey/router.rb:73:in `block in call'
  actionpack (4.1.6) lib/action_dispatch/journey/router.rb:59:in `each'
  actionpack (4.1.6) lib/action_dispatch/journey/router.rb:59:in `call'
  actionpack (4.1.6) lib/action_dispatch/routing/route_set.rb:678:in `call'
  rack (1.5.2) lib/rack/etag.rb:23:in `call'
  rack (1.5.2) lib/rack/conditionalget.rb:25:in `call'
  rack (1.5.2) lib/rack/head.rb:11:in `call'
  actionpack (4.1.6) lib/action_dispatch/middleware/params_parser.rb:27:in `call'
  actionpack (4.1.6) lib/action_dispatch/middleware/flash.rb:254:in `call'
  rack (1.5.2) lib/rack/session/abstract/id.rb:225:in `context'
  rack (1.5.2) lib/rack/session/abstract/id.rb:220:in `call'
  actionpack (4.1.6) lib/action_dispatch/middleware/cookies.rb:560:in `call'
  activerecord (4.1.6) lib/active_record/query_cache.rb:36:in `call'
  activerecord (4.1.6) lib/active_record/connection_adapters/abstract/connection_pool.rb:621:in `call'
  activerecord (4.1.6) lib/active_record/migration.rb:380:in `call'
  actionpack (4.1.6) lib/action_dispatch/middleware/callbacks.rb:29:in `block in call'
  activesupport (4.1.6) lib/active_support/callbacks.rb:82:in `run_callbacks'
  actionpack (4.1.6) lib/action_dispatch/middleware/callbacks.rb:27:in `call'
  actionpack (4.1.6) lib/action_dispatch/middleware/reloader.rb:73:in `call'
  actionpack (4.1.6) lib/action_dispatch/middleware/remote_ip.rb:76:in `call'
  actionpack (4.1.6) lib/action_dispatch/middleware/debug_exceptions.rb:17:in `call'
  actionpack (4.1.6) lib/action_dispatch/middleware/show_exceptions.rb:30:in `call'
  railties (4.1.6) lib/rails/rack/logger.rb:38:in `call_app'
  railties (4.1.6) lib/rails/rack/logger.rb:20:in `block in call'
  activesupport (4.1.6) lib/active_support/tagged_logging.rb:68:in `block in tagged'
  activesupport (4.1.6) lib/active_support/tagged_logging.rb:26:in `tagged'
  activesupport (4.1.6) lib/active_support/tagged_logging.rb:68:in `tagged'
  railties (4.1.6) lib/rails/rack/logger.rb:20:in `call'
  actionpack (4.1.6) lib/action_dispatch/middleware/request_id.rb:21:in `call'
  rack (1.5.2) lib/rack/methodoverride.rb:21:in `call'
  rack (1.5.2) lib/rack/runtime.rb:17:in `call'
  activesupport (4.1.6) lib/active_support/cache/strategy/local_cache_middleware.rb:26:in `call'
  rack (1.5.2) lib/rack/lock.rb:17:in `call'
  actionpack (4.1.6) lib/action_dispatch/middleware/static.rb:64:in `call'
  rack (1.5.2) lib/rack/sendfile.rb:112:in `call'
  railties (4.1.6) lib/rails/engine.rb:514:in `call'
  railties (4.1.6) lib/rails/application.rb:144:in `call'
  rack (1.5.2) lib/rack/lock.rb:17:in `call'
  rack (1.5.2) lib/rack/content_length.rb:14:in `call'
  rack (1.5.2) lib/rack/handler/webrick.rb:60:in `service'
  /Users/janineharper/.rbenv/versions/2.1.2/lib/ruby/2.1.0/webrick/httpserver.rb:138:in `service'
  /Users/janineharper/.rbenv/versions/2.1.2/lib/ruby/2.1.0/webrick/httpserver.rb:94:in `run'
  /Users/janineharper/.rbenv/versions/2.1.2/lib/ruby/2.1.0/webrick/server.rb:295:in `block in start_thread'


  Rendered /Users/janineharper/.rbenv/versions/2.1.2/lib/ruby/gems/2.1.0/gems/actionpack-4.1.6/lib/action_dispatch/middleware/templates/rescues/unknown_action.html.erb within rescues/layout (0.5ms)


Started GET "/" for 127.0.0.1 at 2014-10-28 20:31:00 -0400
Processing by SessionsController#new as HTML
Completed 500 Internal Server Error in 2ms

ActionView::MissingTemplate (Missing template sessions/new, application/new with {:locale=>[:en], :formats=>[:html], :variants=>[], :handlers=>[:erb, :builder, :raw, :ruby, :coffee, :jbuilder]}. Searched in:
  * "/Users/janineharper/dev/wdi/hist_crown_app/app/views"
):
  actionview (4.1.6) lib/action_view/path_set.rb:46:in `find'
  actionview (4.1.6) lib/action_view/lookup_context.rb:124:in `find'
  actionview (4.1.6) lib/action_view/renderer/abstract_renderer.rb:18:in `find_template'
  actionview (4.1.6) lib/action_view/renderer/template_renderer.rb:41:in `determine_template'
  actionview (4.1.6) lib/action_view/renderer/template_renderer.rb:8:in `render'
  actionview (4.1.6) lib/action_view/renderer/renderer.rb:42:in `render_template'
  actionview (4.1.6) lib/action_view/renderer/renderer.rb:23:in `render'
  actionview (4.1.6) lib/action_view/rendering.rb:99:in `_render_template'
  actionpack (4.1.6) lib/action_controller/metal/streaming.rb:217:in `_render_template'
  actionview (4.1.6) lib/action_view/rendering.rb:82:in `render_to_body'
  actionpack (4.1.6) lib/action_controller/metal/rendering.rb:32:in `render_to_body'
  actionpack (4.1.6) lib/action_controller/metal/renderers.rb:32:in `render_to_body'
  actionpack (4.1.6) lib/abstract_controller/rendering.rb:25:in `render'
  actionpack (4.1.6) lib/action_controller/metal/rendering.rb:16:in `render'
  actionpack (4.1.6) lib/action_controller/metal/instrumentation.rb:41:in `block (2 levels) in render'
  activesupport (4.1.6) lib/active_support/core_ext/benchmark.rb:12:in `block in ms'
  /Users/janineharper/.rbenv/versions/2.1.2/lib/ruby/2.1.0/benchmark.rb:294:in `realtime'
  activesupport (4.1.6) lib/active_support/core_ext/benchmark.rb:12:in `ms'
  actionpack (4.1.6) lib/action_controller/metal/instrumentation.rb:41:in `block in render'
  actionpack (4.1.6) lib/action_controller/metal/instrumentation.rb:84:in `cleanup_view_runtime'
  activerecord (4.1.6) lib/active_record/railties/controller_runtime.rb:25:in `cleanup_view_runtime'
  actionpack (4.1.6) lib/action_controller/metal/instrumentation.rb:40:in `render'
  actionpack (4.1.6) lib/action_controller/metal/implicit_render.rb:10:in `default_render'
  actionpack (4.1.6) lib/action_controller/metal/implicit_render.rb:5:in `send_action'
  actionpack (4.1.6) lib/abstract_controller/base.rb:189:in `process_action'
  actionpack (4.1.6) lib/action_controller/metal/rendering.rb:10:in `process_action'
  actionpack (4.1.6) lib/abstract_controller/callbacks.rb:20:in `block in process_action'
  activesupport (4.1.6) lib/active_support/callbacks.rb:113:in `call'
  activesupport (4.1.6) lib/active_support/callbacks.rb:113:in `call'
  activesupport (4.1.6) lib/active_support/callbacks.rb:229:in `block in halting'
  activesupport (4.1.6) lib/active_support/callbacks.rb:229:in `call'
  activesupport (4.1.6) lib/active_support/callbacks.rb:229:in `block in halting'
  activesupport (4.1.6) lib/active_support/callbacks.rb:166:in `call'
  activesupport (4.1.6) lib/active_support/callbacks.rb:166:in `block in halting'
  activesupport (4.1.6) lib/active_support/callbacks.rb:166:in `call'
  activesupport (4.1.6) lib/active_support/callbacks.rb:166:in `block in halting'
  activesupport (4.1.6) lib/active_support/callbacks.rb:166:in `call'
  activesupport (4.1.6) lib/active_support/callbacks.rb:166:in `block in halting'
  activesupport (4.1.6) lib/active_support/callbacks.rb:86:in `call'
  activesupport (4.1.6) lib/active_support/callbacks.rb:86:in `run_callbacks'
  actionpack (4.1.6) lib/abstract_controller/callbacks.rb:19:in `process_action'
  actionpack (4.1.6) lib/action_controller/metal/rescue.rb:29:in `process_action'
  actionpack (4.1.6) lib/action_controller/metal/instrumentation.rb:31:in `block in process_action'
  activesupport (4.1.6) lib/active_support/notifications.rb:159:in `block in instrument'
  activesupport (4.1.6) lib/active_support/notifications/instrumenter.rb:20:in `instrument'
  activesupport (4.1.6) lib/active_support/notifications.rb:159:in `instrument'
  actionpack (4.1.6) lib/action_controller/metal/instrumentation.rb:30:in `process_action'
  actionpack (4.1.6) lib/action_controller/metal/params_wrapper.rb:250:in `process_action'
  activerecord (4.1.6) lib/active_record/railties/controller_runtime.rb:18:in `process_action'
  actionpack (4.1.6) lib/abstract_controller/base.rb:136:in `process'
  actionview (4.1.6) lib/action_view/rendering.rb:30:in `process'
  actionpack (4.1.6) lib/action_controller/metal.rb:196:in `dispatch'
  actionpack (4.1.6) lib/action_controller/metal/rack_delegation.rb:13:in `dispatch'
  actionpack (4.1.6) lib/action_controller/metal.rb:232:in `block in action'
  actionpack (4.1.6) lib/action_dispatch/routing/route_set.rb:82:in `call'
  actionpack (4.1.6) lib/action_dispatch/routing/route_set.rb:82:in `dispatch'
  actionpack (4.1.6) lib/action_dispatch/routing/route_set.rb:50:in `call'
  actionpack (4.1.6) lib/action_dispatch/journey/router.rb:73:in `block in call'
  actionpack (4.1.6) lib/action_dispatch/journey/router.rb:59:in `each'
  actionpack (4.1.6) lib/action_dispatch/journey/router.rb:59:in `call'
  actionpack (4.1.6) lib/action_dispatch/routing/route_set.rb:678:in `call'
  rack (1.5.2) lib/rack/etag.rb:23:in `call'
  rack (1.5.2) lib/rack/conditionalget.rb:25:in `call'
  rack (1.5.2) lib/rack/head.rb:11:in `call'
  actionpack (4.1.6) lib/action_dispatch/middleware/params_parser.rb:27:in `call'
  actionpack (4.1.6) lib/action_dispatch/middleware/flash.rb:254:in `call'
  rack (1.5.2) lib/rack/session/abstract/id.rb:225:in `context'
  rack (1.5.2) lib/rack/session/abstract/id.rb:220:in `call'
  actionpack (4.1.6) lib/action_dispatch/middleware/cookies.rb:560:in `call'
  activerecord (4.1.6) lib/active_record/query_cache.rb:36:in `call'
  activerecord (4.1.6) lib/active_record/connection_adapters/abstract/connection_pool.rb:621:in `call'
  activerecord (4.1.6) lib/active_record/migration.rb:380:in `call'
  actionpack (4.1.6) lib/action_dispatch/middleware/callbacks.rb:29:in `block in call'
  activesupport (4.1.6) lib/active_support/callbacks.rb:82:in `run_callbacks'
  actionpack (4.1.6) lib/action_dispatch/middleware/callbacks.rb:27:in `call'
  actionpack (4.1.6) lib/action_dispatch/middleware/reloader.rb:73:in `call'
  actionpack (4.1.6) lib/action_dispatch/middleware/remote_ip.rb:76:in `call'
  actionpack (4.1.6) lib/action_dispatch/middleware/debug_exceptions.rb:17:in `call'
  actionpack (4.1.6) lib/action_dispatch/middleware/show_exceptions.rb:30:in `call'
  railties (4.1.6) lib/rails/rack/logger.rb:38:in `call_app'
  railties (4.1.6) lib/rails/rack/logger.rb:20:in `block in call'
  activesupport (4.1.6) lib/active_support/tagged_logging.rb:68:in `block in tagged'
  activesupport (4.1.6) lib/active_support/tagged_logging.rb:26:in `tagged'
  activesupport (4.1.6) lib/active_support/tagged_logging.rb:68:in `tagged'
  railties (4.1.6) lib/rails/rack/logger.rb:20:in `call'
  actionpack (4.1.6) lib/action_dispatch/middleware/request_id.rb:21:in `call'
  rack (1.5.2) lib/rack/methodoverride.rb:21:in `call'
  rack (1.5.2) lib/rack/runtime.rb:17:in `call'
  activesupport (4.1.6) lib/active_support/cache/strategy/local_cache_middleware.rb:26:in `call'
  rack (1.5.2) lib/rack/lock.rb:17:in `call'
  actionpack (4.1.6) lib/action_dispatch/middleware/static.rb:64:in `call'
  rack (1.5.2) lib/rack/sendfile.rb:112:in `call'
  railties (4.1.6) lib/rails/engine.rb:514:in `call'
  railties (4.1.6) lib/rails/application.rb:144:in `call'
  rack (1.5.2) lib/rack/lock.rb:17:in `call'
  rack (1.5.2) lib/rack/content_length.rb:14:in `call'
  rack (1.5.2) lib/rack/handler/webrick.rb:60:in `service'
  /Users/janineharper/.rbenv/versions/2.1.2/lib/ruby/2.1.0/webrick/httpserver.rb:138:in `service'
  /Users/janineharper/.rbenv/versions/2.1.2/lib/ruby/2.1.0/webrick/httpserver.rb:94:in `run'
  /Users/janineharper/.rbenv/versions/2.1.2/lib/ruby/2.1.0/webrick/server.rb:295:in `block in start_thread'


  Rendered /Users/janineharper/.rbenv/versions/2.1.2/lib/ruby/gems/2.1.0/gems/actionpack-4.1.6/lib/action_dispatch/middleware/templates/rescues/missing_template.html.erb within rescues/layout (0.5ms)


Started GET "/" for 127.0.0.1 at 2014-10-28 20:32:28 -0400
Processing by SessionsController#new as HTML
  Rendered sessions/new.html.erb within layouts/application (0.3ms)
Completed 200 OK in 447ms (Views: 446.6ms | ActiveRecord: 0.0ms)


Started GET "/assets/normalize.css?body=1" for 127.0.0.1 at 2014-10-28 20:32:29 -0400


Started GET "/assets/application.css?body=1" for 127.0.0.1 at 2014-10-28 20:32:29 -0400


Started GET "/assets/style.css?body=1" for 127.0.0.1 at 2014-10-28 20:32:29 -0400


Started GET "/assets/jquery.js?body=1" for 127.0.0.1 at 2014-10-28 20:32:29 -0400


Started GET "/assets/turbolinks.js?body=1" for 127.0.0.1 at 2014-10-28 20:32:29 -0400


Started GET "/assets/jquery_ujs.js?body=1" for 127.0.0.1 at 2014-10-28 20:32:29 -0400


Started GET "/assets/application.js?body=1" for 127.0.0.1 at 2014-10-28 20:32:29 -0400


Started GET "/" for 127.0.0.1 at 2014-10-28 20:34:35 -0400
  [1m[36mActiveRecord::SchemaMigration Load (0.4ms)[0m  [1mSELECT "schema_migrations".* FROM "schema_migrations"[0m
Processing by SessionsController#new as HTML
Redirected to http://localhost:3000/places
Completed 302 Found in 9ms (ActiveRecord: 0.0ms)


Started GET "/places" for 127.0.0.1 at 2014-10-28 20:34:36 -0400
Processing by PlacesController#index as HTML
  [1m[35mPlace Load (0.6ms)[0m  SELECT "places".* FROM "places"
  Rendered places/index.html.erb within layouts/application (26.5ms)
Completed 500 Internal Server Error in 38ms

ActionView::Template::Error (undefined method `edit_place_path' for #<#<Class:0x007f82ebd27448>:0x007f82ebd26868>):
    21:         <td><%= place.history %></td>
    22:         <td><%= place.latlng %></td>
    23:         <td><%= link_to 'Show', place %></td>
    24:         <td><%= link_to 'Edit', edit_place_path(place) %></td>
    25:         <td><%= link_to 'Destroy', place, method: :delete, data: { confirm: 'Are you sure?' } %></td>
    26:       </tr>
    27:     <% end %>
  app/views/places/index.html.erb:24:in `block in _app_views_places_index_html_erb___4000596137871400511_70100139337100'
  app/views/places/index.html.erb:16:in `_app_views_places_index_html_erb___4000596137871400511_70100139337100'


  Rendered /Users/janineharper/.rbenv/versions/2.1.2/lib/ruby/gems/2.1.0/gems/actionpack-4.1.6/lib/action_dispatch/middleware/templates/rescues/_trace.html.erb (1.2ms)
  Rendered /Users/janineharper/.rbenv/versions/2.1.2/lib/ruby/gems/2.1.0/gems/actionpack-4.1.6/lib/action_dispatch/middleware/templates/rescues/_request_and_response.html.erb (1.1ms)
  Rendered /Users/janineharper/.rbenv/versions/2.1.2/lib/ruby/gems/2.1.0/gems/actionpack-4.1.6/lib/action_dispatch/middleware/templates/rescues/template_error.html.erb within rescues/layout (12.2ms)


Started GET "/places" for 127.0.0.1 at 2014-10-28 20:35:48 -0400
Processing by PlacesController#index as HTML
  [1m[36mPlace Load (0.2ms)[0m  [1mSELECT "places".* FROM "places"[0m
  Rendered places/index.html.erb within layouts/application (1.3ms)
Completed 200 OK in 73ms (Views: 72.0ms | ActiveRecord: 0.2ms)


Started GET "/assets/jquery.js?body=1" for 127.0.0.1 at 2014-10-28 20:35:48 -0400


Started GET "/assets/style.css?body=1" for 127.0.0.1 at 2014-10-28 20:35:48 -0400


Started GET "/assets/jquery_ujs.js?body=1" for 127.0.0.1 at 2014-10-28 20:35:48 -0400


Started GET "/assets/turbolinks.js?body=1" for 127.0.0.1 at 2014-10-28 20:35:48 -0400


Started GET "/assets/application.css?body=1" for 127.0.0.1 at 2014-10-28 20:35:48 -0400


Started GET "/assets/normalize.css?body=1" for 127.0.0.1 at 2014-10-28 20:35:48 -0400


Started GET "/assets/application.js?body=1" for 127.0.0.1 at 2014-10-28 20:35:48 -0400


Started GET "/places/1" for 127.0.0.1 at 2014-10-28 20:35:53 -0400
Processing by PlacesController#show as HTML
  Parameters: {"id"=>"1"}
  [1m[35mPlace Load (0.2ms)[0m  SELECT  "places".* FROM "places"  WHERE "places"."id" = $1 LIMIT 1  [["id", 1]]
  Rendered places/show.html.erb within layouts/application (10.8ms)
Completed 500 Internal Server Error in 17ms

ActionView::Template::Error (undefined method `edit_place_path' for #<#<Class:0x007f82ebd27448>:0x007f82ebd6df10>):
    25:   <%= @place.latlng %>
    26: </p>
    27: 
    28: <%= link_to 'Edit', edit_place_path(@place) %> |
    29: <%= link_to 'Back', places_path %>
  app/views/places/show.html.erb:28:in `_app_views_places_show_html_erb__116882080796763844_70100139598180'


  Rendered /Users/janineharper/.rbenv/versions/2.1.2/lib/ruby/gems/2.1.0/gems/actionpack-4.1.6/lib/action_dispatch/middleware/templates/rescues/_trace.html.erb (0.9ms)
  Rendered /Users/janineharper/.rbenv/versions/2.1.2/lib/ruby/gems/2.1.0/gems/actionpack-4.1.6/lib/action_dispatch/middleware/templates/rescues/_request_and_response.html.erb (0.8ms)
  Rendered /Users/janineharper/.rbenv/versions/2.1.2/lib/ruby/gems/2.1.0/gems/actionpack-4.1.6/lib/action_dispatch/middleware/templates/rescues/template_error.html.erb within rescues/layout (10.3ms)


Started GET "/places/1" for 127.0.0.1 at 2014-10-28 20:35:53 -0400
Processing by PlacesController#show as HTML
  Parameters: {"id"=>"1"}
  [1m[36mPlace Load (1.8ms)[0m  [1mSELECT  "places".* FROM "places"  WHERE "places"."id" = $1 LIMIT 1[0m  [["id", 1]]
  Rendered places/show.html.erb within layouts/application (9.6ms)
Completed 500 Internal Server Error in 14ms

ActionView::Template::Error (undefined method `edit_place_path' for #<#<Class:0x007f82ebd27448>:0x007f82eaf924e0>):
    25:   <%= @place.latlng %>
    26: </p>
    27: 
    28: <%= link_to 'Edit', edit_place_path(@place) %> |
    29: <%= link_to 'Back', places_path %>
  app/views/places/show.html.erb:28:in `_app_views_places_show_html_erb__116882080796763844_70100132332840'


  Rendered /Users/janineharper/.rbenv/versions/2.1.2/lib/ruby/gems/2.1.0/gems/actionpack-4.1.6/lib/action_dispatch/middleware/templates/rescues/_trace.html.erb (1.5ms)
  Rendered /Users/janineharper/.rbenv/versions/2.1.2/lib/ruby/gems/2.1.0/gems/actionpack-4.1.6/lib/action_dispatch/middleware/templates/rescues/_request_and_response.html.erb (0.9ms)
  Rendered /Users/janineharper/.rbenv/versions/2.1.2/lib/ruby/gems/2.1.0/gems/actionpack-4.1.6/lib/action_dispatch/middleware/templates/rescues/template_error.html.erb within rescues/layout (14.1ms)


Started GET "/places/1" for 127.0.0.1 at 2014-10-28 20:36:01 -0400
Processing by PlacesController#show as HTML
  Parameters: {"id"=>"1"}
  [1m[35mPlace Load (0.2ms)[0m  SELECT  "places".* FROM "places"  WHERE "places"."id" = $1 LIMIT 1  [["id", 1]]
  Rendered places/show.html.erb within layouts/application (8.6ms)
Completed 500 Internal Server Error in 11ms

ActionView::Template::Error (undefined method `edit_place_path' for #<#<Class:0x007f82ebd27448>:0x007f82eafc88d8>):
    25:   <%= @place.latlng %>
    26: </p>
    27: 
    28: <%= link_to 'Edit', edit_place_path(@place) %> |
    29: <%= link_to 'Back', places_path %>
  app/views/places/show.html.erb:28:in `_app_views_places_show_html_erb__116882080796763844_70100139598180'


  Rendered /Users/janineharper/.rbenv/versions/2.1.2/lib/ruby/gems/2.1.0/gems/actionpack-4.1.6/lib/action_dispatch/middleware/templates/rescues/_trace.html.erb (1.0ms)
  Rendered /Users/janineharper/.rbenv/versions/2.1.2/lib/ruby/gems/2.1.0/gems/actionpack-4.1.6/lib/action_dispatch/middleware/templates/rescues/_request_and_response.html.erb (0.8ms)
  Rendered /Users/janineharper/.rbenv/versions/2.1.2/lib/ruby/gems/2.1.0/gems/actionpack-4.1.6/lib/action_dispatch/middleware/templates/rescues/template_error.html.erb within rescues/layout (9.0ms)


Started GET "/places/1" for 127.0.0.1 at 2014-10-28 20:36:01 -0400
Processing by PlacesController#show as HTML
  Parameters: {"id"=>"1"}
  [1m[36mPlace Load (1.9ms)[0m  [1mSELECT  "places".* FROM "places"  WHERE "places"."id" = $1 LIMIT 1[0m  [["id", 1]]
  Rendered places/show.html.erb within layouts/application (10.9ms)
Completed 500 Internal Server Error in 16ms

ActionView::Template::Error (undefined method `edit_place_path' for #<#<Class:0x007f82ebd27448>:0x007f82ef962980>):
    25:   <%= @place.latlng %>
    26: </p>
    27: 
    28: <%= link_to 'Edit', edit_place_path(@place) %> |
    29: <%= link_to 'Back', places_path %>
  app/views/places/show.html.erb:28:in `_app_views_places_show_html_erb__116882080796763844_70100132332840'


  Rendered /Users/janineharper/.rbenv/versions/2.1.2/lib/ruby/gems/2.1.0/gems/actionpack-4.1.6/lib/action_dispatch/middleware/templates/rescues/_trace.html.erb (0.9ms)
  Rendered /Users/janineharper/.rbenv/versions/2.1.2/lib/ruby/gems/2.1.0/gems/actionpack-4.1.6/lib/action_dispatch/middleware/templates/rescues/_request_and_response.html.erb (0.7ms)
  Rendered /Users/janineharper/.rbenv/versions/2.1.2/lib/ruby/gems/2.1.0/gems/actionpack-4.1.6/lib/action_dispatch/middleware/templates/rescues/template_error.html.erb within rescues/layout (9.0ms)


Started GET "/places/1" for 127.0.0.1 at 2014-10-28 20:36:33 -0400
Processing by PlacesController#show as HTML
  Parameters: {"id"=>"1"}
  [1m[35mPlace Load (0.2ms)[0m  SELECT  "places".* FROM "places"  WHERE "places"."id" = $1 LIMIT 1  [["id", 1]]
  Rendered places/show.html.erb within layouts/application (0.6ms)
Completed 200 OK in 28ms (Views: 26.6ms | ActiveRecord: 0.2ms)


Started GET "/assets/normalize.css?body=1" for 127.0.0.1 at 2014-10-28 20:36:33 -0400


Started GET "/assets/application.css?body=1" for 127.0.0.1 at 2014-10-28 20:36:33 -0400


Started GET "/assets/style.css?body=1" for 127.0.0.1 at 2014-10-28 20:36:33 -0400


Started GET "/assets/jquery_ujs.js?body=1" for 127.0.0.1 at 2014-10-28 20:36:33 -0400


Started GET "/assets/turbolinks.js?body=1" for 127.0.0.1 at 2014-10-28 20:36:33 -0400


Started GET "/assets/jquery.js?body=1" for 127.0.0.1 at 2014-10-28 20:36:33 -0400


Started GET "/assets/application.js?body=1" for 127.0.0.1 at 2014-10-28 20:36:33 -0400


Started GET "/places" for 127.0.0.1 at 2014-10-28 20:37:12 -0400
Processing by PlacesController#index as HTML
  [1m[36mPlace Load (0.3ms)[0m  [1mSELECT "places".* FROM "places"[0m
  Rendered places/index.html.erb within layouts/application (1.4ms)
Completed 200 OK in 29ms (Views: 27.8ms | ActiveRecord: 0.3ms)


Started GET "/places/1" for 127.0.0.1 at 2014-10-28 20:37:13 -0400
Processing by PlacesController#show as HTML
  Parameters: {"id"=>"1"}
  [1m[35mPlace Load (0.2ms)[0m  SELECT  "places".* FROM "places"  WHERE "places"."id" = $1 LIMIT 1  [["id", 1]]
  Rendered places/show.html.erb within layouts/application (0.6ms)
Completed 200 OK in 29ms (Views: 27.8ms | ActiveRecord: 0.2ms)


Started GET "/places" for 127.0.0.1 at 2014-10-28 20:37:14 -0400
Processing by PlacesController#index as HTML
  [1m[36mPlace Load (0.2ms)[0m  [1mSELECT "places".* FROM "places"[0m
  Rendered places/index.html.erb within layouts/application (0.8ms)
Completed 200 OK in 32ms (Views: 31.6ms | ActiveRecord: 0.2ms)


Started GET "/places/1" for 127.0.0.1 at 2014-10-28 20:37:16 -0400
Processing by PlacesController#show as HTML
  Parameters: {"id"=>"1"}
  [1m[35mPlace Load (0.1ms)[0m  SELECT  "places".* FROM "places"  WHERE "places"."id" = $1 LIMIT 1  [["id", 1]]
  Rendered places/show.html.erb within layouts/application (0.2ms)
Completed 200 OK in 28ms (Views: 26.7ms | ActiveRecord: 0.1ms)


Started GET "/places" for 127.0.0.1 at 2014-10-28 20:37:17 -0400
Processing by PlacesController#index as HTML
  [1m[36mPlace Load (0.2ms)[0m  [1mSELECT "places".* FROM "places"[0m
  Rendered places/index.html.erb within layouts/application (0.8ms)
Completed 200 OK in 77ms (Views: 76.5ms | ActiveRecord: 0.2ms)


Started GET "/places/1" for 127.0.0.1 at 2014-10-28 20:43:01 -0400
Processing by PlacesController#show as HTML
  Parameters: {"id"=>"1"}
  [1m[35mPlace Load (0.2ms)[0m  SELECT  "places".* FROM "places"  WHERE "places"."id" = $1 LIMIT 1  [["id", 1]]
  Rendered places/show.html.erb within layouts/application (0.4ms)
Completed 200 OK in 34ms (Views: 32.1ms | ActiveRecord: 0.2ms)


Started GET "/" for 127.0.0.1 at 2014-10-28 20:48:38 -0400
  [1m[36mActiveRecord::SchemaMigration Load (0.3ms)[0m  [1mSELECT "schema_migrations".* FROM "schema_migrations"[0m
Processing by SessionsController#new as HTML
Redirected to http://localhost:3000/places
Completed 302 Found in 9ms (ActiveRecord: 0.0ms)


Started GET "/places" for 127.0.0.1 at 2014-10-28 20:48:39 -0400
Processing by PlacesController#index as HTML
  [1m[35mPlace Load (0.4ms)[0m  SELECT "places".* FROM "places"
  Rendered places/index.html.erb within layouts/application (13.9ms)
Completed 200 OK in 91ms (Views: 86.7ms | ActiveRecord: 2.0ms)


Started GET "/assets/normalize.css?body=1" for 127.0.0.1 at 2014-10-28 20:48:39 -0400


Started GET "/assets/style.css?body=1" for 127.0.0.1 at 2014-10-28 20:48:39 -0400


Started GET "/assets/application.css?body=1" for 127.0.0.1 at 2014-10-28 20:48:39 -0400


Started GET "/assets/jquery.js?body=1" for 127.0.0.1 at 2014-10-28 20:48:39 -0400


Started GET "/assets/jquery_ujs.js?body=1" for 127.0.0.1 at 2014-10-28 20:48:39 -0400


Started GET "/assets/application.js?body=1" for 127.0.0.1 at 2014-10-28 20:48:39 -0400


Started GET "/assets/turbolinks.js?body=1" for 127.0.0.1 at 2014-10-28 20:48:39 -0400


Started GET "/places" for 127.0.0.1 at 2014-10-28 20:51:12 -0400
Processing by PlacesController#index as HTML
  [1m[36mPlace Load (0.2ms)[0m  [1mSELECT "places".* FROM "places"[0m
  Rendered places/index.html.erb within layouts/application (1.1ms)
Completed 200 OK in 32ms (Views: 31.1ms | ActiveRecord: 0.2ms)


Started GET "/assets/application.css?body=1" for 127.0.0.1 at 2014-10-28 20:51:12 -0400


Started GET "/assets/style.css?body=1" for 127.0.0.1 at 2014-10-28 20:51:12 -0400


Started GET "/assets/jquery_ujs.js?body=1" for 127.0.0.1 at 2014-10-28 20:51:12 -0400


Started GET "/assets/application.js?body=1" for 127.0.0.1 at 2014-10-28 20:51:12 -0400


Started GET "/assets/jquery.js?body=1" for 127.0.0.1 at 2014-10-28 20:51:12 -0400


Started GET "/assets/turbolinks.js?body=1" for 127.0.0.1 at 2014-10-28 20:51:12 -0400


Started GET "/assets/normalize.css?body=1" for 127.0.0.1 at 2014-10-28 20:51:12 -0400


Started GET "/places" for 127.0.0.1 at 2014-10-28 20:51:25 -0400
  [1m[36mActiveRecord::SchemaMigration Load (0.4ms)[0m  [1mSELECT "schema_migrations".* FROM "schema_migrations"[0m
Processing by PlacesController#index as HTML
  [1m[35mPlace Load (0.4ms)[0m  SELECT "places".* FROM "places"
  Rendered places/index.html.erb within layouts/application (14.0ms)
Completed 200 OK in 74ms (Views: 62.5ms | ActiveRecord: 2.0ms)


Started GET "/assets/jquery.js?body=1" for 127.0.0.1 at 2014-10-28 20:51:25 -0400


Started GET "/assets/application.css?body=1" for 127.0.0.1 at 2014-10-28 20:51:25 -0400


Started GET "/assets/style.css?body=1" for 127.0.0.1 at 2014-10-28 20:51:25 -0400


Started GET "/assets/normalize.css?body=1" for 127.0.0.1 at 2014-10-28 20:51:25 -0400


Started GET "/assets/turbolinks.js?body=1" for 127.0.0.1 at 2014-10-28 20:51:25 -0400


Started GET "/assets/jquery_ujs.js?body=1" for 127.0.0.1 at 2014-10-28 20:51:25 -0400


Started GET "/assets/application.js?body=1" for 127.0.0.1 at 2014-10-28 20:51:25 -0400


Started GET "/places/1" for 127.0.0.1 at 2014-10-28 21:09:11 -0400
Processing by PlacesController#show as HTML
  Parameters: {"id"=>"1"}
  [1m[36mPlace Load (0.3ms)[0m  [1mSELECT  "places".* FROM "places"  WHERE "places"."id" = $1 LIMIT 1[0m  [["id", 1]]
  Rendered places/show.html.erb within layouts/application (0.9ms)
Completed 200 OK in 47ms (Views: 41.5ms | ActiveRecord: 0.5ms)


Started GET "/users" for 127.0.0.1 at 2014-10-28 21:09:14 -0400

ActionController::RoutingError (No route matches [GET] "/users"):
  actionpack (4.1.6) lib/action_dispatch/middleware/debug_exceptions.rb:21:in `call'
  actionpack (4.1.6) lib/action_dispatch/middleware/show_exceptions.rb:30:in `call'
  railties (4.1.6) lib/rails/rack/logger.rb:38:in `call_app'
  railties (4.1.6) lib/rails/rack/logger.rb:20:in `block in call'
  activesupport (4.1.6) lib/active_support/tagged_logging.rb:68:in `block in tagged'
  activesupport (4.1.6) lib/active_support/tagged_logging.rb:26:in `tagged'
  activesupport (4.1.6) lib/active_support/tagged_logging.rb:68:in `tagged'
  railties (4.1.6) lib/rails/rack/logger.rb:20:in `call'
  actionpack (4.1.6) lib/action_dispatch/middleware/request_id.rb:21:in `call'
  rack (1.5.2) lib/rack/methodoverride.rb:21:in `call'
  rack (1.5.2) lib/rack/runtime.rb:17:in `call'
  activesupport (4.1.6) lib/active_support/cache/strategy/local_cache_middleware.rb:26:in `call'
  rack (1.5.2) lib/rack/lock.rb:17:in `call'
  actionpack (4.1.6) lib/action_dispatch/middleware/static.rb:64:in `call'
  rack (1.5.2) lib/rack/sendfile.rb:112:in `call'
  railties (4.1.6) lib/rails/engine.rb:514:in `call'
  railties (4.1.6) lib/rails/application.rb:144:in `call'
  rack (1.5.2) lib/rack/lock.rb:17:in `call'
  rack (1.5.2) lib/rack/content_length.rb:14:in `call'
  rack (1.5.2) lib/rack/handler/webrick.rb:60:in `service'
  /Users/janineharper/.rbenv/versions/2.1.2/lib/ruby/2.1.0/webrick/httpserver.rb:138:in `service'
  /Users/janineharper/.rbenv/versions/2.1.2/lib/ruby/2.1.0/webrick/httpserver.rb:94:in `run'
  /Users/janineharper/.rbenv/versions/2.1.2/lib/ruby/2.1.0/webrick/server.rb:295:in `block in start_thread'


  Rendered /Users/janineharper/.rbenv/versions/2.1.2/lib/ruby/gems/2.1.0/gems/actionpack-4.1.6/lib/action_dispatch/middleware/templates/rescues/_trace.html.erb (0.9ms)
  Rendered /Users/janineharper/.rbenv/versions/2.1.2/lib/ruby/gems/2.1.0/gems/actionpack-4.1.6/lib/action_dispatch/middleware/templates/routes/_route.html.erb (0.8ms)
  Rendered /Users/janineharper/.rbenv/versions/2.1.2/lib/ruby/gems/2.1.0/gems/actionpack-4.1.6/lib/action_dispatch/middleware/templates/routes/_table.html.erb (8.2ms)
  Rendered /Users/janineharper/.rbenv/versions/2.1.2/lib/ruby/gems/2.1.0/gems/actionpack-4.1.6/lib/action_dispatch/middleware/templates/rescues/routing_error.html.erb within rescues/layout (25.1ms)


Started GET "/" for 127.0.0.1 at 2014-10-28 21:09:27 -0400
Processing by SessionsController#new as HTML
Redirected to http://localhost:3000/places
Completed 302 Found in 1ms (ActiveRecord: 0.0ms)


Started GET "/places" for 127.0.0.1 at 2014-10-28 21:09:27 -0400
Processing by PlacesController#index as HTML
  [1m[35mPlace Load (0.3ms)[0m  SELECT "places".* FROM "places"
  Rendered places/index.html.erb within layouts/application (1.2ms)
Completed 200 OK in 29ms (Views: 27.6ms | ActiveRecord: 0.3ms)


Started GET "/assets/application.css?body=1" for 127.0.0.1 at 2014-10-28 21:09:27 -0400


Started GET "/assets/jquery.js?body=1" for 127.0.0.1 at 2014-10-28 21:09:27 -0400


Started GET "/assets/normalize.css?body=1" for 127.0.0.1 at 2014-10-28 21:09:27 -0400


Started GET "/assets/style.css?body=1" for 127.0.0.1 at 2014-10-28 21:09:27 -0400


Started GET "/assets/turbolinks.js?body=1" for 127.0.0.1 at 2014-10-28 21:09:27 -0400


Started GET "/assets/jquery_ujs.js?body=1" for 127.0.0.1 at 2014-10-28 21:09:27 -0400


Started GET "/assets/application.js?body=1" for 127.0.0.1 at 2014-10-28 21:09:27 -0400


Started GET "/places" for 127.0.0.1 at 2014-10-28 21:18:20 -0400
Processing by PlacesController#index as HTML
  [1m[36mPlace Load (0.3ms)[0m  [1mSELECT "places".* FROM "places"[0m
  Rendered places/index.html.erb within layouts/application (1.0ms)
Completed 200 OK in 30ms (Views: 28.7ms | ActiveRecord: 0.3ms)


Started GET "/places" for 127.0.0.1 at 2014-10-28 21:19:05 -0400
Processing by PlacesController#index as HTML
  [1m[35mPlace Load (0.3ms)[0m  SELECT "places".* FROM "places"
  Rendered places/index.html.erb within layouts/application (0.9ms)
Completed 200 OK in 28ms (Views: 26.7ms | ActiveRecord: 0.3ms)


Started GET "/places" for 127.0.0.1 at 2014-10-28 21:19:10 -0400
Processing by PlacesController#index as HTML
  [1m[36mPlace Load (0.2ms)[0m  [1mSELECT "places".* FROM "places"[0m
  Rendered places/index.html.erb within layouts/application (0.9ms)
Completed 200 OK in 27ms (Views: 25.9ms | ActiveRecord: 0.2ms)


Started GET "/places" for 127.0.0.1 at 2014-10-28 21:22:48 -0400
Processing by PlacesController#index as HTML
  [1m[35mPlace Load (0.3ms)[0m  SELECT "places".* FROM "places"
  Rendered places/index.html.erb within layouts/application (1.1ms)
Completed 200 OK in 5ms (Views: 3.9ms | ActiveRecord: 0.3ms)


Started GET "/places" for 127.0.0.1 at 2014-10-28 21:22:50 -0400
Processing by PlacesController#index as HTML
  [1m[36mPlace Load (0.3ms)[0m  [1mSELECT "places".* FROM "places"[0m
  Rendered places/index.html.erb within layouts/application (1.3ms)
Completed 200 OK in 4ms (Views: 2.8ms | ActiveRecord: 0.3ms)


Started GET "/places" for 127.0.0.1 at 2014-10-28 21:22:56 -0400
Processing by PlacesController#index as HTML
  [1m[35mPlace Load (0.2ms)[0m  SELECT "places".* FROM "places"
  Rendered places/index.html.erb within layouts/application (0.9ms)
Completed 200 OK in 3ms (Views: 2.1ms | ActiveRecord: 0.2ms)


Started GET "/places" for 127.0.0.1 at 2014-10-28 21:23:47 -0400
Processing by PlacesController#index as HTML
  [1m[36mPlace Load (0.3ms)[0m  [1mSELECT "places".* FROM "places"[0m
  Rendered places/index.html.erb within layouts/application (1.0ms)
Completed 200 OK in 4ms (Views: 2.5ms | ActiveRecord: 0.3ms)


Started GET "/places" for 127.0.0.1 at 2014-10-28 21:24:15 -0400
Processing by PlacesController#index as HTML
  [1m[35mPlace Load (0.3ms)[0m  SELECT "places".* FROM "places"
  Rendered places/index.html.erb within layouts/application (1.2ms)
Completed 200 OK in 3ms (Views: 2.6ms | ActiveRecord: 0.3ms)
